1480860799 51540 56
1480860876 51540 56
1480860888 52078 56
1480860899 51540 56
1480860910 50464 56
1480860921 51540 56
1480861041 50464 56
1480861052 51002 56
1480861143 51540 60
1480861154 51540 60
1480861209 52078 60
1480861310 51540 60
1480861321 51540 60
1480861333 50464 60
1480861345 51540 60
1480861357 51002 60
1480861369 51540 60
1480861381 52078 60
1480861493 51002 60
1480861505 53154 60
1480861517 52615 60
1480861529 51540 60
1480861541 52078 60
1480861553 52615 60
1480861564 52078 60
1480862574 51540 60
1480864236 52078 60
1480864248 51540 60
1480864259 51540 60
1480864372 52078 60
1480864384 51540 60
1480864396 52078 60
1480864408 50464 60
1480864420 52078 60
1480864432 51540 60
1480864443 52078 60
1480864455 51540 60
1480864467 52078 60
1480864479 51540 60
1480864491 51002 60
1480864503 51540 60
1480865189 51540 60
1480865200 52078 60
1480865212 51002 60
1480865224 51540 60
1480865236 51540 60
1480865248 51002 60
1480865260 52078 60
1480865272 50464 60
1480865283 51540 60
1480865295 51540 60
1480865307 51540 60
1480865319 51540 60
1480865387 52078 60
1480865399 51540 60
1480865411 51540 60
1480865422 52078 60
1480865522 52615 60
1480865534 52078 60
1480865545 53154 60
1480865553 52078 60
1480865557 53154 60
1480866870 51540 60
1480866881 51002 60
1480867000 51540 60
1480867012 51540 60
1480867024 51540 60
1480867504 51540 60
1480867516 51540 60
1480867528 50464 60
1480867540 51002 60
1480867552 52078 60
1480867564 51540 60
1480867575 51540 60
1480867587 51540 60
1480879783 41856 60
1480879795 42394 60
1480879807 41856 60
1480879819 41856 60
1480880073 44007 60
1480880085 44007 60
1480882556 49388 8
1480882570 49388 24
1480882582 49388 24
1480882594 48850 24
1480882606 49925 24
1480882618 49388 24
1480882630 49388 24
1480882642 49388 24
1480882654 49388 24
1480882665 49388 24
